1736461932.396622 client started (5416): version 3.5a, socket /private/tmp/tmux-501/default, protocol 8
1736461932.396656 on Darwin 24.2.0 Darwin Kernel Version 24.2.0: Fri Dec  6 19:01:59 PST 2024; root:xnu-11215.61.5~2/RELEASE_ARM64_T6000
1736461932.396663 using libevent 2.1.12-stable select
1736461932.398373 using utf8proc 2.9.0
1736461932.398383 using ncurses 6.5 20240427
1736461932.398395 flags are 0x18010000
1736461932.398399 socket is /private/tmp/tmux-501/default
1736461932.398410 trying connect
1736461932.398446 add peer 0x140048000: 6 (0x0)
1736461932.399722 sending message 111 to peer 0x140048000 (8 bytes)
1736461932.399734 sending message 111 to peer 0x140048000 (8 bytes)
1736461932.399737 sending message 101 to peer 0x140048000 (15 bytes)
1736461932.399741 sending message 109 to peer 0x140048000 (4 bytes)
1736461932.399744 sending message 102 to peer 0x140048000 (13 bytes)
1736461932.399747 sending message 108 to peer 0x140048000 (24 bytes)
1736461932.399750 sending message 112 to peer 0x140048000 (58 bytes)
1736461932.399753 sending message 112 to peer 0x140048000 (5 bytes)
1736461932.399756 sending message 112 to peer 0x140048000 (5 bytes)
1736461932.399759 sending message 112 to peer 0x140048000 (6 bytes)
1736461932.399762 sending message 112 to peer 0x140048000 (6 bytes)
1736461932.399765 sending message 112 to peer 0x140048000 (11 bytes)
1736461932.399768 sending message 112 to peer 0x140048000 (10 bytes)
1736461932.399771 sending message 112 to peer 0x140048000 (13 bytes)
1736461932.399774 sending message 112 to peer 0x140048000 (14 bytes)
1736461932.399777 sending message 112 to peer 0x140048000 (19 bytes)
1736461932.399780 sending message 112 to peer 0x140048000 (11 bytes)
1736461932.399783 sending message 112 to peer 0x140048000 (10 bytes)
1736461932.399786 sending message 112 to peer 0x140048000 (15 bytes)
1736461932.399789 sending message 112 to peer 0x140048000 (21 bytes)
1736461932.399792 sending message 112 to peer 0x140048000 (13 bytes)
1736461932.399795 sending message 112 to peer 0x140048000 (7 bytes)
1736461932.399798 sending message 112 to peer 0x140048000 (13 bytes)
1736461932.399801 sending message 112 to peer 0x140048000 (7 bytes)
1736461932.399804 sending message 112 to peer 0x140048000 (13 bytes)
1736461932.399807 sending message 112 to peer 0x140048000 (9 bytes)
1736461932.399810 sending message 112 to peer 0x140048000 (21 bytes)
1736461932.399813 sending message 112 to peer 0x140048000 (13 bytes)
1736461932.399816 sending message 112 to peer 0x140048000 (9 bytes)
1736461932.399819 sending message 112 to peer 0x140048000 (16 bytes)
1736461932.399822 sending message 112 to peer 0x140048000 (13 bytes)
1736461932.399825 sending message 112 to peer 0x140048000 (9 bytes)
1736461932.399828 sending message 112 to peer 0x140048000 (9 bytes)
1736461932.399831 sending message 112 to peer 0x140048000 (12 bytes)
1736461932.399834 sending message 112 to peer 0x140048000 (8 bytes)
1736461932.399836 sending message 112 to peer 0x140048000 (8 bytes)
1736461932.399839 sending message 112 to peer 0x140048000 (13 bytes)
1736461932.399842 sending message 112 to peer 0x140048000 (7 bytes)
1736461932.399845 sending message 112 to peer 0x140048000 (7 bytes)
1736461932.399848 sending message 112 to peer 0x140048000 (9 bytes)
1736461932.399851 sending message 112 to peer 0x140048000 (9 bytes)
1736461932.399854 sending message 112 to peer 0x140048000 (15 bytes)
1736461932.399857 sending message 112 to peer 0x140048000 (13 bytes)
1736461932.399860 sending message 112 to peer 0x140048000 (12 bytes)
1736461932.399863 sending message 112 to peer 0x140048000 (8 bytes)
1736461932.399866 sending message 112 to peer 0x140048000 (14 bytes)
1736461932.399869 sending message 112 to peer 0x140048000 (11 bytes)
1736461932.399872 sending message 112 to peer 0x140048000 (9 bytes)
1736461932.399875 sending message 112 to peer 0x140048000 (10 bytes)
1736461932.399878 sending message 112 to peer 0x140048000 (10 bytes)
1736461932.399881 sending message 112 to peer 0x140048000 (10 bytes)
1736461932.399884 sending message 112 to peer 0x140048000 (10 bytes)
1736461932.399895 sending message 112 to peer 0x140048000 (11 bytes)
1736461932.399898 sending message 112 to peer 0x140048000 (12 bytes)
1736461932.399900 sending message 112 to peer 0x140048000 (12 bytes)
1736461932.399902 sending message 112 to peer 0x140048000 (12 bytes)
1736461932.399904 sending message 112 to peer 0x140048000 (12 bytes)
1736461932.399906 sending message 112 to peer 0x140048000 (12 bytes)
1736461932.399908 sending message 112 to peer 0x140048000 (11 bytes)
1736461932.399910 sending message 112 to peer 0x140048000 (11 bytes)
1736461932.399912 sending message 112 to peer 0x140048000 (12 bytes)
1736461932.399914 sending message 112 to peer 0x140048000 (12 bytes)
1736461932.399916 sending message 112 to peer 0x140048000 (12 bytes)
1736461932.399918 sending message 112 to peer 0x140048000 (12 bytes)
1736461932.399920 sending message 112 to peer 0x140048000 (12 bytes)
1736461932.399922 sending message 112 to peer 0x140048000 (9 bytes)
1736461932.399924 sending message 112 to peer 0x140048000 (12 bytes)
1736461932.399926 sending message 112 to peer 0x140048000 (13 bytes)
1736461932.399928 sending message 112 to peer 0x140048000 (13 bytes)
1736461932.399930 sending message 112 to peer 0x140048000 (13 bytes)
1736461932.399932 sending message 112 to peer 0x140048000 (13 bytes)
1736461932.399934 sending message 112 to peer 0x140048000 (13 bytes)
1736461932.399936 sending message 112 to peer 0x140048000 (8 bytes)
1736461932.399938 sending message 112 to peer 0x140048000 (11 bytes)
1736461932.399940 sending message 112 to peer 0x140048000 (11 bytes)
1736461932.399942 sending message 112 to peer 0x140048000 (11 bytes)
1736461932.399944 sending message 112 to peer 0x140048000 (12 bytes)
1736461932.399946 sending message 112 to peer 0x140048000 (12 bytes)
1736461932.399948 sending message 112 to peer 0x140048000 (12 bytes)
1736461932.399950 sending message 112 to peer 0x140048000 (12 bytes)
1736461932.399952 sending message 112 to peer 0x140048000 (13 bytes)
1736461932.399954 sending message 112 to peer 0x140048000 (13 bytes)
1736461932.399957 sending message 112 to peer 0x140048000 (13 bytes)
1736461932.399959 sending message 112 to peer 0x140048000 (8 bytes)
1736461932.399961 sending message 112 to peer 0x140048000 (13 bytes)
1736461932.399963 sending message 112 to peer 0x140048000 (13 bytes)
1736461932.399965 sending message 112 to peer 0x140048000 (13 bytes)
1736461932.399967 sending message 112 to peer 0x140048000 (13 bytes)
1736461932.399969 sending message 112 to peer 0x140048000 (13 bytes)
1736461932.399971 sending message 112 to peer 0x140048000 (12 bytes)
1736461932.399973 sending message 112 to peer 0x140048000 (12 bytes)
1736461932.399975 sending message 112 to peer 0x140048000 (12 bytes)
1736461932.399977 sending message 112 to peer 0x140048000 (12 bytes)
1736461932.399979 sending message 112 to peer 0x140048000 (13 bytes)
1736461932.399981 sending message 112 to peer 0x140048000 (8 bytes)
1736461932.399983 sending message 112 to peer 0x140048000 (13 bytes)
1736461932.399985 sending message 112 to peer 0x140048000 (13 bytes)
1736461932.399987 sending message 112 to peer 0x140048000 (13 bytes)
1736461932.399989 sending message 112 to peer 0x140048000 (13 bytes)
1736461932.399991 sending message 112 to peer 0x140048000 (13 bytes)
1736461932.399993 sending message 112 to peer 0x140048000 (13 bytes)
1736461932.399995 sending message 112 to peer 0x140048000 (13 bytes)
1736461932.399997 sending message 112 to peer 0x140048000 (12 bytes)
1736461932.399999 sending message 112 to peer 0x140048000 (12 bytes)
1736461932.400001 sending message 112 to peer 0x140048000 (12 bytes)
1736461932.400003 sending message 112 to peer 0x140048000 (8 bytes)
1736461932.400005 sending message 112 to peer 0x140048000 (12 bytes)
1736461932.400007 sending message 112 to peer 0x140048000 (13 bytes)
1736461932.400009 sending message 112 to peer 0x140048000 (13 bytes)
1736461932.400011 sending message 112 to peer 0x140048000 (13 bytes)
1736461932.400014 sending message 112 to peer 0x140048000 (13 bytes)
1736461932.400016 sending message 112 to peer 0x140048000 (13 bytes)
1736461932.400022 sending message 112 to peer 0x140048000 (13 bytes)
1736461932.400024 sending message 112 to peer 0x140048000 (13 bytes)
1736461932.400026 sending message 112 to peer 0x140048000 (13 bytes)
1736461932.400028 sending message 112 to peer 0x140048000 (12 bytes)
1736461932.400030 sending message 112 to peer 0x140048000 (10 bytes)
1736461932.400032 sending message 112 to peer 0x140048000 (12 bytes)
1736461932.400035 sending message 112 to peer 0x140048000 (12 bytes)
1736461932.400037 sending message 112 to peer 0x140048000 (12 bytes)
1736461932.400039 sending message 112 to peer 0x140048000 (13 bytes)
1736461932.400041 sending message 112 to peer 0x140048000 (13 bytes)
1736461932.400043 sending message 112 to peer 0x140048000 (13 bytes)
1736461932.400045 sending message 112 to peer 0x140048000 (13 bytes)
1736461932.400047 sending message 112 to peer 0x140048000 (13 bytes)
1736461932.400049 sending message 112 to peer 0x140048000 (13 bytes)
1736461932.400051 sending message 112 to peer 0x140048000 (13 bytes)
1736461932.400053 sending message 112 to peer 0x140048000 (10 bytes)
1736461932.400055 sending message 112 to peer 0x140048000 (13 bytes)
1736461932.400057 sending message 112 to peer 0x140048000 (12 bytes)
1736461932.400059 sending message 112 to peer 0x140048000 (12 bytes)
1736461932.400061 sending message 112 to peer 0x140048000 (12 bytes)
1736461932.400063 sending message 112 to peer 0x140048000 (10 bytes)
1736461932.400065 sending message 112 to peer 0x140048000 (10 bytes)
1736461932.400067 sending message 112 to peer 0x140048000 (10 bytes)
1736461932.400069 sending message 112 to peer 0x140048000 (12 bytes)
1736461932.400071 sending message 112 to peer 0x140048000 (13 bytes)
1736461932.400073 sending message 112 to peer 0x140048000 (13 bytes)
1736461932.400075 sending message 112 to peer 0x140048000 (13 bytes)
1736461932.400077 sending message 112 to peer 0x140048000 (13 bytes)
1736461932.400079 sending message 112 to peer 0x140048000 (13 bytes)
1736461932.400081 sending message 112 to peer 0x140048000 (10 bytes)
1736461932.400083 sending message 112 to peer 0x140048000 (11 bytes)
1736461932.400085 sending message 112 to peer 0x140048000 (12 bytes)
1736461932.400087 sending message 112 to peer 0x140048000 (12 bytes)
1736461932.400089 sending message 112 to peer 0x140048000 (12 bytes)
1736461932.400092 sending message 112 to peer 0x140048000 (12 bytes)
1736461932.400094 sending message 112 to peer 0x140048000 (12 bytes)
1736461932.400096 sending message 112 to peer 0x140048000 (11 bytes)
1736461932.400098 sending message 112 to peer 0x140048000 (12 bytes)
1736461932.400100 sending message 112 to peer 0x140048000 (12 bytes)
1736461932.400102 sending message 112 to peer 0x140048000 (13 bytes)
1736461932.400104 sending message 112 to peer 0x140048000 (13 bytes)
1736461932.400106 sending message 112 to peer 0x140048000 (13 bytes)
1736461932.400108 sending message 112 to peer 0x140048000 (13 bytes)
1736461932.400110 sending message 112 to peer 0x140048000 (13 bytes)
1736461932.400112 sending message 112 to peer 0x140048000 (10 bytes)
1736461932.400114 sending message 112 to peer 0x140048000 (9 bytes)
1736461932.400116 sending message 112 to peer 0x140048000 (12 bytes)
1736461932.400118 sending message 112 to peer 0x140048000 (13 bytes)
1736461932.400120 sending message 112 to peer 0x140048000 (13 bytes)
1736461932.400122 sending message 112 to peer 0x140048000 (13 bytes)
1736461932.400124 sending message 112 to peer 0x140048000 (13 bytes)
1736461932.400126 sending message 112 to peer 0x140048000 (13 bytes)
1736461932.400128 sending message 112 to peer 0x140048000 (9 bytes)
1736461932.400130 sending message 112 to peer 0x140048000 (12 bytes)
1736461932.400132 sending message 112 to peer 0x140048000 (13 bytes)
1736461932.400134 sending message 112 to peer 0x140048000 (13 bytes)
1736461932.400136 sending message 112 to peer 0x140048000 (13 bytes)
1736461932.400138 sending message 112 to peer 0x140048000 (13 bytes)
1736461932.400140 sending message 112 to peer 0x140048000 (13 bytes)
1736461932.400146 sending message 112 to peer 0x140048000 (11 bytes)
1736461932.400148 sending message 112 to peer 0x140048000 (12 bytes)
1736461932.400150 sending message 112 to peer 0x140048000 (13 bytes)
1736461932.400152 sending message 112 to peer 0x140048000 (13 bytes)
1736461932.400154 sending message 112 to peer 0x140048000 (13 bytes)
1736461932.400156 sending message 112 to peer 0x140048000 (13 bytes)
1736461932.400158 sending message 112 to peer 0x140048000 (13 bytes)
1736461932.400160 sending message 112 to peer 0x140048000 (11 bytes)
1736461932.400162 sending message 112 to peer 0x140048000 (12 bytes)
1736461932.400164 sending message 112 to peer 0x140048000 (12 bytes)
1736461932.400167 sending message 112 to peer 0x140048000 (12 bytes)
1736461932.400169 sending message 112 to peer 0x140048000 (12 bytes)
1736461932.400171 sending message 112 to peer 0x140048000 (12 bytes)
1736461932.400173 sending message 112 to peer 0x140048000 (21 bytes)
1736461932.400175 sending message 112 to peer 0x140048000 (12 bytes)
1736461932.400177 sending message 112 to peer 0x140048000 (9 bytes)
1736461932.400179 sending message 112 to peer 0x140048000 (6 bytes)
1736461932.400181 sending message 112 to peer 0x140048000 (13 bytes)
1736461932.400183 sending message 112 to peer 0x140048000 (10 bytes)
1736461932.400185 sending message 112 to peer 0x140048000 (15 bytes)
1736461932.400187 sending message 112 to peer 0x140048000 (13 bytes)
1736461932.400189 sending message 112 to peer 0x140048000 (9 bytes)
1736461932.400191 sending message 112 to peer 0x140048000 (70 bytes)
1736461932.400194 sending message 112 to peer 0x140048000 (69 bytes)
1736461932.400196 sending message 112 to peer 0x140048000 (73 bytes)
1736461932.400198 sending message 112 to peer 0x140048000 (12 bytes)
1736461932.400200 sending message 112 to peer 0x140048000 (10 bytes)
1736461932.400202 sending message 112 to peer 0x140048000 (10 bytes)
1736461932.400204 sending message 112 to peer 0x140048000 (15 bytes)
1736461932.400206 sending message 112 to peer 0x140048000 (13 bytes)
1736461932.400208 sending message 112 to peer 0x140048000 (10 bytes)
1736461932.400210 sending message 112 to peer 0x140048000 (10 bytes)
1736461932.400212 sending message 112 to peer 0x140048000 (17 bytes)
1736461932.400214 sending message 112 to peer 0x140048000 (13 bytes)
1736461932.400216 sending message 112 to peer 0x140048000 (15 bytes)
1736461932.400218 sending message 112 to peer 0x140048000 (5 bytes)
1736461932.400224 sending message 104 to peer 0x140048000 (0 bytes)
1736461932.400226 sending message 110 to peer 0x140048000 (0 bytes)
1736461932.400228 sending message 107 to peer 0x140048000 (4 bytes)
1736461932.400231 sending message 105 to peer 0x140048000 (60 bytes)
1736461932.400233 sending message 105 to peer 0x140048000 (66 bytes)
1736461932.400235 sending message 105 to peer 0x140048000 (27 bytes)
1736461932.400237 sending message 105 to peer 0x140048000 (15 bytes)
1736461932.400239 sending message 105 to peer 0x140048000 (22 bytes)
1736461932.400241 sending message 105 to peer 0x140048000 (14 bytes)
1736461932.400243 sending message 105 to peer 0x140048000 (17 bytes)
1736461932.400245 sending message 105 to peer 0x140048000 (28 bytes)
1736461932.400247 sending message 105 to peer 0x140048000 (15 bytes)
1736461932.400249 sending message 105 to peer 0x140048000 (43 bytes)
1736461932.400251 sending message 105 to peer 0x140048000 (24 bytes)
1736461932.400253 sending message 105 to peer 0x140048000 (44 bytes)
1736461932.400255 sending message 105 to peer 0x140048000 (28 bytes)
1736461932.400257 sending message 105 to peer 0x140048000 (23 bytes)
1736461932.400260 sending message 105 to peer 0x140048000 (1121 bytes)
1736461932.400262 sending message 105 to peer 0x140048000 (19 bytes)
1736461932.400264 sending message 105 to peer 0x140048000 (20 bytes)
1736461932.400266 sending message 105 to peer 0x140048000 (22 bytes)
1736461932.400268 sending message 105 to peer 0x140048000 (20 bytes)
1736461932.400270 sending message 105 to peer 0x140048000 (86 bytes)
1736461932.400278 sending message 105 to peer 0x140048000 (16 bytes)
1736461932.400280 sending message 105 to peer 0x140048000 (57 bytes)
1736461932.400282 sending message 105 to peer 0x140048000 (9 bytes)
1736461932.400284 sending message 105 to peer 0x140048000 (19 bytes)
1736461932.400287 sending message 105 to peer 0x140048000 (12 bytes)
1736461932.400289 sending message 105 to peer 0x140048000 (54 bytes)
1736461932.400291 sending message 105 to peer 0x140048000 (32 bytes)
1736461932.400293 sending message 105 to peer 0x140048000 (61 bytes)
1736461932.400295 sending message 105 to peer 0x140048000 (8 bytes)
1736461932.400297 sending message 105 to peer 0x140048000 (31 bytes)
1736461932.400299 sending message 105 to peer 0x140048000 (30 bytes)
1736461932.400301 sending message 105 to peer 0x140048000 (37 bytes)
1736461932.400303 sending message 105 to peer 0x140048000 (34 bytes)
1736461932.400307 sending message 105 to peer 0x140048000 (35 bytes)
1736461932.400310 sending message 105 to peer 0x140048000 (70 bytes)
1736461932.400312 sending message 105 to peer 0x140048000 (44 bytes)
1736461932.400314 sending message 105 to peer 0x140048000 (51 bytes)
1736461932.400316 sending message 105 to peer 0x140048000 (16 bytes)
1736461932.400318 sending message 105 to peer 0x140048000 (19 bytes)
1736461932.400320 sending message 105 to peer 0x140048000 (38 bytes)
1736461932.400322 sending message 105 to peer 0x140048000 (25 bytes)
1736461932.400324 sending message 106 to peer 0x140048000 (0 bytes)
1736461932.400369 sending message 200 to peer 0x140048000 (4 bytes)
1736461932.400373 client loop enter
1736461932.403408 peer 0x140048000 message 207
1736461932.403441 sending message 208 to peer 0x140048000 (0 bytes)
1736461941.199529 peer 0x140048000 message 201
1736461941.199622 sending message 205 to peer 0x140048000 (0 bytes)
1736461941.203917 peer 0x140048000 message 204
1736461941.203947 client loop exit
